Build started 4/20/2014 10:48:47 PM.
     1>Project "C:\Users\Cameron\Documents\Visual Studio 2013\Projects\C++\Mentorship\MUD\MUD\MUD.vcxproj" on node 2 (Build target(s)).
     1>ClCompile:
         C:\Program Files (x86)\Microsoft Visual Studio 12.0\VC\bin\CL.exe /c /Zi /nologo /W3 /WX- /sdl /O2 /Oi /Oy- /GL /D _MBCS /Gm- /EHsc /MD /GS /Gy /fp:precise /Zc:wchar_t /Zc:forScope /Fo"Release\\" /Fd"Release\vc120.pdb" /Gd /TP /analyze- /errorReport:prompt Main.cpp MenuState.cpp
         Main.cpp
         MenuState.cpp
       Link:
         C:\Program Files (x86)\Microsoft Visual Studio 12.0\VC\bin\link.exe /ERRORREPORT:PROMPT /OUT:"C:\Users\Cameron\Documents\Visual Studio 2013\Projects\C++\Mentorship\MUD\Release\MUD.exe" /NOLOGO kernel32.lib user32.lib gdi32.lib winspool.lib comdlg32.lib advapi32.lib shell32.lib ole32.lib oleaut32.lib uuid.lib odbc32.lib odbccp32.lib /MANIFEST /MANIFESTUAC:"level='asInvoker' uiAccess='false'" /manifest:embed /DEBUG /PDB:"C:\Users\Cameron\Documents\Visual Studio 2013\Projects\C++\Mentorship\MUD\Release\MUD.pdb" /OPT:REF /OPT:ICF /LTCG /TLBID:1 /DYNAMICBASE /NXCOMPAT /IMPLIB:"C:\Users\Cameron\Documents\Visual Studio 2013\Projects\C++\Mentorship\MUD\Release\MUD.lib" /MACHINE:X86 /SAFESEH Release\Game.obj
         Release\GameStateManager.obj
         Release\LoginState.obj
         Release\Main.obj
         Release\MenuState.obj
         Release\Player.obj
         Release\PlayerLoader.obj
         Release\World.obj
         Release\WorldLoader.obj
         Release\WorldObject.obj
         Generating code
         Finished generating code
         MUD.vcxproj -> C:\Users\Cameron\Documents\Visual Studio 2013\Projects\C++\Mentorship\MUD\Release\MUD.exe
     1>Done Building Project "C:\Users\Cameron\Documents\Visual Studio 2013\Projects\C++\Mentorship\MUD\MUD\MUD.vcxproj" (Build target(s)).

Build succeeded.

Time Elapsed 00:00:02.14
